VALLEY GIRLS
UN MELLOW YELLOW
TUFF-E-NUFF
TIMBERWOLVES
TIDAL WAVES
TERMINATORS
TEAM ROCKETS
TEAL TITANS
TARANTULAS
SWEETHEARTS
SUNFLOWER GIRLS
SUGER BEES
STRIKERS
STINGRAYS
STAR SHOOTERS
SPLASH
SPEEDY TURTLES
SPARK PLUGS
SNOW DEVILS
SMASHING PUMPKINS
SILVER PANTHERS
SILVER BUTTERFLIES
SECURITY SMURFS
MONEY
MIND TRIP
MIGHTY DUCKS
MERCENARIES
MEAN GREEN ALIENS
MAROON MADNESS
MANARCHS
MAD DOGS
FUGITIVES
FLYING DRAGONS
FLASH
FLAMING TIGERS
FIRE STRIKERS
FIRE ANTS
FIGHTING IRISH 
FALCONS
AVALANCHE
ASH KICKERS
ANTEATERS
ANACONDAS
AMERICAN BABES
ALIGATORS 
0% ANGELS 
Cei 3 muschetari
Winner
Mistretii Atomici
Elixir Junior
Black swans
Legalize
Pufuletii
Konfetti
The Skyrynners
MO si F.O.C.A
Shooting Stars
Defending Champs
The Abusement Park
Chunky Monkees
Chafing the Dream
Ibuprofen and Ben Gay
The Big Egos
The Waiver Wire

--- ROUND NO:1
VALLEY GIRLS                     -                 UN MELLOW YELLOW
TUFF-E-NUFF                      -                     TIMBERWOLVES
TIDAL WAVES                      -                      TERMINATORS
TEAM ROCKETS                     -                      TEAL TITANS
TARANTULAS                       -                      SWEETHEARTS
SUNFLOWER GIRLS                  -                       SUGER BEES
STRIKERS                         -                        STINGRAYS
STAR SHOOTERS                    -                           SPLASH
SPEEDY TURTLES                   -                      SPARK PLUGS
SNOW DEVILS                      -                SMASHING PUMPKINS
SILVER PANTHERS                  -               SILVER BUTTERFLIES
SECURITY SMURFS                  -                            MONEY
MIND TRIP                        -                     MIGHTY DUCKS
MERCENARIES                      -                MEAN GREEN ALIENS
MAROON MADNESS                   -                         MANARCHS
MAD DOGS                         -                        FUGITIVES
FLYING DRAGONS                   -                            FLASH
FLAMING TIGERS                   -                    FIRE STRIKERS
FIRE ANTS                        -                  FIGHTING IRISH 
FALCONS                          -                        AVALANCHE
ASH KICKERS                      -                        ANTEATERS
ANACONDAS                        -                   AMERICAN BABES
ALIGATORS                        -                       0% ANGELS 
Cei 3 muschetari                 -                           Winner
Mistretii Atomici                -                    Elixir Junior
Black swans                      -                         Legalize
Pufuletii                        -                         Konfetti
The Skyrynners                   -                    MO si F.O.C.A
Shooting Stars                   -                 Defending Champs
The Abusement Park               -                   Chunky Monkees
Chafing the Dream                -            Ibuprofen and Ben Gay

--- ROUND NO:2
The Big Egos                     -                Chafing the Dream
The Abusement Park               -                 Defending Champs
MO si F.O.C.A                    -                         Konfetti
Black swans                      -                Mistretii Atomici
Winner                           -                       ALIGATORS 
ANACONDAS                        -                      ASH KICKERS
AVALANCHE                        -                  FIGHTING IRISH 
FLAMING TIGERS                   -                            FLASH
MAD DOGS                         -                         MANARCHS
MEAN GREEN ALIENS                -                        MIND TRIP
SECURITY SMURFS                  -                  SILVER PANTHERS
SMASHING PUMPKINS                -                      SPARK PLUGS
SPLASH                           -                         STRIKERS
SUNFLOWER GIRLS                  -                      SWEETHEARTS
TEAL TITANS                      -                      TIDAL WAVES
TUFF-E-NUFF                      -                     VALLEY GIRLS

--- ROUND NO:3
TUFF-E-NUFF                      -                      TIDAL WAVES
SWEETHEARTS                      -                           SPLASH
SPARK PLUGS                      -                  SECURITY SMURFS
MIND TRIP                        -                         MAD DOGS
FLAMING TIGERS                   -                  FIGHTING IRISH 
ANACONDAS                        -                           Winner
Mistretii Atomici                -                    MO si F.O.C.A
The Abusement Park               -                     The Big Egos

--- ROUND NO:4
The Abusement Park               -                    MO si F.O.C.A
Winner                           -                  FIGHTING IRISH 
MAD DOGS                         -                  SECURITY SMURFS
SPLASH                           -                      TIDAL WAVES

--- ROUND NO:5
SPLASH                           -                  SECURITY SMURFS
FIGHTING IRISH                   -               The Abusement Park

--- ROUND NO:6
FIGHTING IRISH                   -                           SPLASH
