Cei 3 muschetari
Winner
Mistretii Atomici
Elixir Junior
Black swans
Pufuletii
Konfetti
The Skyrynners
MO si F.O.C.A
Defending Champs
The Abusement Park
Chunky Monkees
Chafing the Dream
Ibuprofen and Ben Gay
The Big Egos
The Waiver Wire
--- ROUND NO:1
Cei 3 muschetari                 -                           Winner
Mistretii Atomici                -                    Elixir Junior
Black swans                      -                        Pufuletii
Konfetti                         -                   The Skyrynners
MO si F.O.C.A                    -                 Defending Champs
The Abusement Park               -                   Chunky Monkees
Chafing the Dream                -            Ibuprofen and Ben Gay

WINNERS OF ROUND NO:1
The Big Egos                      -  7.00
Chafing the Dream                 -  6.40
The Abusement Park                -  8.40
Defending Champs                  -  8.20
Konfetti                          -  6.80
Black swans                       -  6.60
Mistretii Atomici                 -  7.20
Winner                            -  9.00

--- ROUND NO:2
The Big Egos                     -                Chafing the Dream
The Abusement Park               -                 Defending Champs
Konfetti                         -                      Black swans
Mistretii Atomici                -                           Winner

WINNERS OF ROUND NO:2
Winner                            -  10.00
Konfetti                          -  7.80
The Abusement Park                -  9.40
The Big Egos                      -  8.00

--- ROUND NO:3
Winner                           -                         Konfetti
The Abusement Park               -                     The Big Egos

WINNERS OF ROUND NO:3
The Abusement Park                -  10.40
Winner                            -  11.00

--- ROUND NO:4
The Abusement Park               -                           Winner

WINNERS OF ROUND NO:4
Winner                            -  12.00

TOP 8 TEAMS:
Winner                            -  9.00
The Abusement Park                -  8.40
Defending Champs                  -  8.20
Mistretii Atomici                 -  7.20
The Big Egos                      -  7.00
Konfetti                          -  6.80
Black swans                       -  6.60
Chafing the Dream                 -  6.40

TOP 8 TEAMS:
Winner                            -  9.00
The Abusement Park                -  8.40
Defending Champs                  -  8.20
Mistretii Atomici                 -  7.20
The Big Egos                      -  7.00
Konfetti                          -  6.80
Black swans                       -  6.60
Chafing the Dream                 -  6.40
